17-Jun-2019 16:46:41.247 INFO [main] org.apache.catalina.startup.VersionLoggerListener.log Server version name:   Apache Tomcat/9.0.21
17-Jun-2019 16:46:41.247 INFO [main] org.apache.catalina.startup.VersionLoggerListener.log Server built:          Jun 4 2019 20:19:36 UTC
17-Jun-2019 16:46:41.247 INFO [main] org.apache.catalina.startup.VersionLoggerListener.log Server version number: 9.0.21.0
17-Jun-2019 16:46:41.247 INFO [main] org.apache.catalina.startup.VersionLoggerListener.log OS Name:               Windows 10
17-Jun-2019 16:46:41.247 INFO [main] org.apache.catalina.startup.VersionLoggerListener.log OS Version:            10.0
17-Jun-2019 16:46:41.247 INFO [main] org.apache.catalina.startup.VersionLoggerListener.log Architecture:          amd64
17-Jun-2019 16:46:41.247 INFO [main] org.apache.catalina.startup.VersionLoggerListener.log Java Home:             C:\Program Files\Java\jre1.8.0_212
17-Jun-2019 16:46:41.247 INFO [main] org.apache.catalina.startup.VersionLoggerListener.log JVM Version:           1.8.0_212-b10
17-Jun-2019 16:46:41.247 INFO [main] org.apache.catalina.startup.VersionLoggerListener.log JVM Vendor:            Oracle Corporation
17-Jun-2019 16:46:41.247 INFO [main] org.apache.catalina.startup.VersionLoggerListener.log CATALINA_BASE:         C:\Opensource\Tomcat9
17-Jun-2019 16:46:41.247 INFO [main] org.apache.catalina.startup.VersionLoggerListener.log CATALINA_HOME:         C:\Opensource\Tomcat9
17-Jun-2019 16:46:41.247 INFO [main] org.apache.catalina.startup.VersionLoggerListener.log Command line argument: -Djava.util.logging.config.file=C:\Opensource\Tomcat9\conf\logging.properties
17-Jun-2019 16:46:41.247 INFO [main] org.apache.catalina.startup.VersionLoggerListener.log Command line argument: -Djava.util.logging.manager=org.apache.juli.ClassLoaderLogManager
17-Jun-2019 16:46:41.247 INFO [main] org.apache.catalina.startup.VersionLoggerListener.log Command line argument: -Djdk.tls.ephemeralDHKeySize=2048
17-Jun-2019 16:46:41.247 INFO [main] org.apache.catalina.startup.VersionLoggerListener.log Command line argument: -Djava.protocol.handler.pkgs=org.apache.catalina.webresources
17-Jun-2019 16:46:41.247 INFO [main] org.apache.catalina.startup.VersionLoggerListener.log Command line argument: -Dignore.endorsed.dirs=
17-Jun-2019 16:46:41.247 INFO [main] org.apache.catalina.startup.VersionLoggerListener.log Command line argument: -Dcatalina.base=C:\Opensource\Tomcat9
17-Jun-2019 16:46:41.247 INFO [main] org.apache.catalina.startup.VersionLoggerListener.log Command line argument: -Dcatalina.home=C:\Opensource\Tomcat9
17-Jun-2019 16:46:41.247 INFO [main] org.apache.catalina.startup.VersionLoggerListener.log Command line argument: -Djava.io.tmpdir=C:\Opensource\Tomcat9\temp
17-Jun-2019 16:46:41.247 INFO [main] org.apache.catalina.core.AprLifecycleListener.lifecycleEvent Loaded APR based Apache Tomcat Native library [1.2.21] using APR version [1.6.5].
17-Jun-2019 16:46:41.247 INFO [main] org.apache.catalina.core.AprLifecycleListener.lifecycleEvent APR capabilities: IPv6 [true], sendfile [true], accept filters [false], random [true].
17-Jun-2019 16:46:41.247 INFO [main] org.apache.catalina.core.AprLifecycleListener.lifecycleEvent APR/OpenSSL configuration: useAprConnector [false], useOpenSSL [true]
17-Jun-2019 16:46:41.265 INFO [main] org.apache.catalina.core.AprLifecycleListener.initializeSSL OpenSSL successfully initialized [OpenSSL 1.1.1a  20 Nov 2018]
17-Jun-2019 16:46:41.469 INFO [main] org.apache.coyote.AbstractProtocol.init Initializing ProtocolHandler ["http-nio-8080"]
17-Jun-2019 16:46:41.500 INFO [main] org.apache.coyote.AbstractProtocol.init Initializing ProtocolHandler ["ajp-nio-8009"]
17-Jun-2019 16:46:41.500 INFO [main] org.apache.catalina.startup.Catalina.load Server initialization in [387] milliseconds
17-Jun-2019 16:46:41.516 INFO [main] org.apache.catalina.core.StandardService.startInternal Starting service [Catalina]
17-Jun-2019 16:46:41.516 INFO [main] org.apache.catalina.core.StandardEngine.startInternal Starting Servlet engine: [Apache Tomcat/9.0.21]
17-Jun-2019 16:46:41.531 INFO [main] org.apache.catalina.startup.HostConfig.deployDirectory Deploying web application directory [C:\Opensource\Tomcat9\webapps\docs]
17-Jun-2019 16:46:41.672 INFO [main] org.apache.catalina.startup.HostConfig.deployDirectory Deployment of web application directory [C:\Opensource\Tomcat9\webapps\docs] has finished in [141] ms
17-Jun-2019 16:46:41.672 INFO [main] org.apache.catalina.startup.HostConfig.deployDirectory Deploying web application directory [C:\Opensource\Tomcat9\webapps\examples]
17-Jun-2019 16:46:41.859 INFO [main] org.apache.catalina.startup.HostConfig.deployDirectory Deployment of web application directory [C:\Opensource\Tomcat9\webapps\examples] has finished in [187] ms
17-Jun-2019 16:46:41.859 INFO [main] org.apache.catalina.startup.HostConfig.deployDirectory Deploying web application directory [C:\Opensource\Tomcat9\webapps\host-manager]
17-Jun-2019 16:46:41.875 INFO [main] org.apache.catalina.startup.HostConfig.deployDirectory Deployment of web application directory [C:\Opensource\Tomcat9\webapps\host-manager] has finished in [16] ms
17-Jun-2019 16:46:41.875 INFO [main] org.apache.catalina.startup.HostConfig.deployDirectory Deploying web application directory [C:\Opensource\Tomcat9\webapps\manager]
17-Jun-2019 16:46:41.906 INFO [main] org.apache.catalina.startup.HostConfig.deployDirectory Deployment of web application directory [C:\Opensource\Tomcat9\webapps\manager] has finished in [16] ms
17-Jun-2019 16:46:41.906 INFO [main] org.apache.catalina.startup.HostConfig.deployDirectory Deploying web application directory [C:\Opensource\Tomcat9\webapps\ROOT]
17-Jun-2019 16:46:41.922 INFO [main] org.apache.catalina.startup.HostConfig.deployDirectory Deployment of web application directory [C:\Opensource\Tomcat9\webapps\ROOT] has finished in [0] ms
17-Jun-2019 16:46:41.922 INFO [main] org.apache.coyote.AbstractProtocol.start Starting ProtocolHandler ["http-nio-8080"]
17-Jun-2019 16:46:41.922 INFO [main] org.apache.coyote.AbstractProtocol.start Starting ProtocolHandler ["ajp-nio-8009"]
17-Jun-2019 16:46:41.922 INFO [main] org.apache.catalina.startup.Catalina.start Server startup in [418] milliseconds
